================================================================================
时间: 2026-03-29 14:42:55
来源IP: 192.168.65.1
请求方式: POST
请求路由: /login
GET数据: []
POST数据: {
    "username": "admin",
    "password": "password"
}
响应状态: 
响应数据: 
错误情况: {
    "type": "RuntimeException",
    "code": 403,
    "message": "请求被拦截：检测到非法文件访问特征 [header:user-agent]",
    "file": "/var/www/html/app/core/Security.php",
    "line": 95,
    "trace": "#0 /var/www/html/app/core/Security.php(87): Security::assertSafeValue('Apifox/1.0.0 (h...', 'header:user-age...')\n#1 /var/www/html/app/core/Security.php(56): Security::inspectValue('user-agent', 'Apifox/1.0.0 (h...', 'header')\n#2 /var/www/html/app/core/Security.php(39): Security::inspectHeaders(Array)\n#3 /var/www/html/app/index.php(8): Security::inspect(Object(Request))\n#4 /var/www/html/index.php(3): require_once('/var/www/html/a...')\n#5 {main}"
}

================================================================================
时间: 2026-03-30 13:06:47
来源IP: unknown
请求方式: GET
请求路由: /
GET数据: []
POST数据: []
响应状态: 
响应数据: 
错误情况: {
    "type": "ParseError",
    "code": 0,
    "message": "syntax error",
    "file": "/Volumes/SSD_1/DevelopmentProject/php/aichat/app/core/Installer.php",
    "line": 355,
    "trace": "#0 [internal function]: {closure}('Installer')\n#1 /Volumes/SSD_1/DevelopmentProject/php/aichat/app/index.php(9): spl_autoload_call('Installer')\n#2 /Volumes/SSD_1/DevelopmentProject/php/aichat/index.php(3): require_once('/Volumes/SSD_1/...')\n#3 Command line code(1): include('/Volumes/SSD_1/...')\n#4 {main}"
}

